<?xml version="1.0" encoding="UTF-8"?>
<!-- Generated by org.testng.reporters.JUnitReportReporter -->
<testsuite hostname="BACSSANJA" failures="0" tests="1" name="restAPI.GetRequest" time="2.484" errors="0" timestamp="2021-03-18T10:46:08 IST" skipped="0">
  <testcase classname="restAPI.GetRequest" name="rest1" time="2.484"/>
  <system-out/>
</testsuite> <!-- restAPI.GetRequest -->
