<?xml version="1.0" encoding="UTF-8"?>
<!-- Generated by org.testng.reporters.JUnitReportReporter -->
<testsuite hostname="BACSSANJA" failures="0" tests="2" name="restApiRealTime.PostReqHashmap" time="1.537" errors="0" timestamp="22 Mar 2021 06:10:36 GMT" skipped="0">
  <testcase classname="restApiRealTime.PostReqHashmap" name="test2" time="0.024"/>
  <testcase classname="restApiRealTime.PostReqHashmap" name="test1" time="1.513"/>
</testsuite> <!-- restApiRealTime.PostReqHashmap -->
