<?xml version="1.0" encoding="UTF-8"?>
<!-- Generated by org.testng.reporters.JUnitReportReporter -->
<testsuite hostname="BACSSANJA" failures="0" tests="1" name="restApiRealTime.GetReqLogger" time="0.006" errors="0" timestamp="22 Mar 2021 07:04:24 GMT" skipped="0">
  <testcase classname="restApiRealTime.GetReqLogger" name="test1" time="0.006"/>
</testsuite> <!-- restApiRealTime.GetReqLogger -->
