<?xml version="1.0" encoding="UTF-8"?>
<!-- Generated by org.testng.reporters.JUnitReportReporter -->
<testsuite hostname="BACSSANJA" failures="0" tests="1" name="restApiBDD.PostReqBDD" time="1.670" errors="0" timestamp="19 Mar 2021 05:21:01 GMT" skipped="0">
  <testcase classname="restApiBDD.PostReqBDD" name="test1" time="1.670"/>
</testsuite> <!-- restApiBDD.PostReqBDD -->
