<?xml version="1.0" encoding="UTF-8"?>
<!-- Generated by org.testng.reporters.JUnitReportReporter -->
<testsuite hostname="BACSSANJA" failures="0" tests="1" name="restApiRealTime.GetRequest" time="1.273" errors="0" timestamp="22 Mar 2021 05:51:13 GMT" skipped="0">
  <testcase classname="restApiRealTime.GetRequest" name="test1" time="1.273"/>
</testsuite> <!-- restApiRealTime.GetRequest -->
