<?xml version="1.0" encoding="UTF-8"?>
<!-- Generated by org.testng.reporters.JUnitReportReporter -->
<testsuite hostname="BACSSANJA" failures="0" tests="1" name="restAPI.PostwithJsonObject" time="1.270" errors="0" timestamp="2021-03-18T12:34:31 IST" skipped="0">
  <testcase classname="restAPI.PostwithJsonObject" name="test1" time="1.270"/>
  <system-out/>
</testsuite> <!-- restAPI.PostwithJsonObject -->
