<?xml version="1.0" encoding="UTF-8"?>
<!-- Generated by org.testng.reporters.JUnitReportReporter -->
<testsuite hostname="BACSSANJA" failures="0" tests="1" name="restAPI.DeleteRequest" time="1.274" errors="0" timestamp="2021-03-18T12:40:22 IST" skipped="0">
  <testcase classname="restAPI.DeleteRequest" name="test1" time="1.274"/>
  <system-out/>
</testsuite> <!-- restAPI.DeleteRequest -->
