<?xml version="1.0" encoding="UTF-8"?>
<!-- Generated by org.testng.reporters.JUnitReportReporter -->
<testsuite hostname="BACSSANJA" failures="0" tests="1" name="restApiBDD.DeleteReqBDD" time="1.193" errors="0" timestamp="19 Mar 2021 05:20:37 GMT" skipped="0">
  <testcase classname="restApiBDD.DeleteReqBDD" name="test1" time="1.193"/>
</testsuite> <!-- restApiBDD.DeleteReqBDD -->
