<?xml version="1.0" encoding="UTF-8"?>
<!-- Generated by org.testng.reporters.JUnitReportReporter -->
<testsuite hostname="BACSSANJA" failures="0" tests="1" name="restAPI.PostRequest" time="1.263" errors="0" timestamp="2021-03-18T12:10:59 IST" skipped="0">
  <testcase classname="restAPI.PostRequest" name="test1" time="1.263"/>
  <system-out/>
</testsuite> <!-- restAPI.PostRequest -->
