<?xml version="1.0" encoding="UTF-8"?>
<!-- Generated by org.testng.reporters.JUnitReportReporter -->
<testsuite hostname="BACSSANJA" failures="0" tests="1" name="restApiBDD.PutReqBDD" time="1.693" errors="0" timestamp="19 Mar 2021 05:15:48 GMT" skipped="0">
  <testcase classname="restApiBDD.PutReqBDD" name="test1" time="1.693"/>
</testsuite> <!-- restApiBDD.PutReqBDD -->
