<?xml version="1.0" encoding="UTF-8"?>
<!-- Generated by org.testng.reporters.JUnitReportReporter -->
<testsuite hostname="BACSSANJA" failures="0" tests="1" name="oAuth.Token" time="1.419" errors="0" timestamp="22 Mar 2021 04:57:52 GMT" skipped="0">
  <testcase classname="oAuth.Token" name="test1" time="1.419"/>
</testsuite> <!-- oAuth.Token -->
