<?xml version="1.0" encoding="UTF-8"?>
<!-- Generated by org.testng.reporters.JUnitReportReporter -->
<testsuite hostname="BACSSANJA" failures="0" tests="1" name="restAPI.GetRequestwithParams" time="1.649" errors="0" timestamp="2021-03-18T11:49:07 IST" skipped="0">
  <testcase classname="restAPI.GetRequestwithParams" name="test1" time="1.649"/>
  <system-out/>
</testsuite> <!-- restAPI.GetRequestwithParams -->
