<?xml version="1.0" encoding="UTF-8"?>
<!-- Generated by org.testng.reporters.JUnitReportReporter -->
<testsuite hostname="BACSSANJA" failures="0" tests="1" name="restApiRealTime.PostReqJsonFile" time="1.847" errors="0" timestamp="22 Mar 2021 05:50:15 GMT" skipped="0">
  <testcase classname="restApiRealTime.PostReqJsonFile" name="test1" time="1.847"/>
</testsuite> <!-- restApiRealTime.PostReqJsonFile -->
